<?xml version="1.0" encoding="UTF-8"?>
<!-- Generated by org.testng.reporters.JUnitReportReporter -->
<testsuite skipped="0" hostname="DESKTOP-6J1D759" name="Tests.LeaveEntitlementTest" tests="1" failures="0" timestamp="2023-03-18T20:06:53 IST" time="84.315" errors="0">
  <testcase name="addEntitlementTest" time="84.315" classname="Tests.LeaveEntitlementTest"/>
  <system-out/>
</testsuite> <!-- Tests.LeaveEntitlementTest -->
