<?xml version="1.0" encoding="UTF-8"?>
<!-- Generated by org.testng.reporters.JUnitReportReporter -->
<testsuite skipped="0" hostname="DESKTOP-6J1D759" name="Tests.LoginAdminTest" tests="3" failures="0" timestamp="2023-03-07T15:57:38 IST" time="85.683" errors="0">
  <testcase name="loginValidTest" time="25.366" classname="Tests.LoginAdminTest"/>
  <system-out/>
  <testcase name="loginValidTest" time="37.179" classname="Tests.LoginAdminTest"/>
  <system-out/>
  <testcase name="loginValidTest" time="23.138" classname="Tests.LoginAdminTest"/>
  <system-out/>
</testsuite> <!-- Tests.LoginAdminTest -->
