<?xml version="1.0" encoding="UTF-8"?>
<!-- Generated by org.testng.reporters.JUnitReportReporter -->
<testsuite skipped="0" hostname="DESKTOP-6J1D759" name="Pages.LoginAdminPage" tests="1" failures="0" timestamp="2023-03-05T18:40:13 IST" time="21.873" errors="0">
  <testcase name="login" time="21.873" classname="Pages.LoginAdminPage"/>
  <system-out/>
</testsuite> <!-- Pages.LoginAdminPage -->
