<?xml version="1.0" encoding="UTF-8"?>
<!-- Generated by org.testng.reporters.JUnitReportReporter -->
<testsuite skipped="0" hostname="DESKTOP-6J1D759" name="Tests.DashboardWidgetsTest" tests="2" failures="0" timestamp="2023-03-07T17:50:58 IST" time="85.339" errors="0">
  <testcase name="checkWidgetsAdminTest" time="50.524" classname="Tests.DashboardWidgetsTest"/>
  <system-out/>
  <testcase name="checkWidgetsESSTest" time="34.815" classname="Tests.DashboardWidgetsTest"/>
  <system-out/>
</testsuite> <!-- Tests.DashboardWidgetsTest -->
